<?xml version="1.0" encoding="utf-8"?><testsuites name="pytest tests"><testsuite name="pytest" errors="0" failures="0" skipped="0" tests="4" time="0.117" timestamp="2026-07-04T15:48:25.872541+05:30" hostname="MACD447K6L4N6"><testcase classname="tests.test_routes" name="test_home_page" time="0.050" /><testcase classname="tests.test_routes" name="test_add_student" time="0.003" /><testcase classname="tests.test_routes" name="test_update_student" time="0.008" /><testcase classname="tests.test_routes" name="test_delete_student" time="0.003" /></testsuite></testsuites>